<?xml version="1.0" encoding="UTF-8"?>
<!-- Generated by org.testng.reporters.JUnitReportReporter -->
<testsuite skipped="0" hostname="DESKTOP-OBVC6CR" name="org.framework.DataProvi" tests="3" failures="0" timestamp="10 Dec 2021 06:18:58 GMT" time="0.032" errors="0">
  <testcase name="tc21" time="0.032" classname="org.framework.DataProvi"/>
  <testcase name="tc22" time="0.000" classname="org.framework.DataProvi"/>
  <testcase name="tc23" time="0.000" classname="org.framework.DataProvi"/>
</testsuite> <!-- org.framework.DataProvi -->
