<?xml version="1.0" encoding="UTF-8"?>
<!-- Generated by org.testng.reporters.JUnitReportReporter -->
<testsuite skipped="0" hostname="DESKTOP-OBVC6CR" name="org.framework.TestNGDemo" tests="2" failures="0" timestamp="11 Dec 2021 12:44:23 GMT" time="0.000" errors="0">
  <testcase name="tc41" time="0.000" classname="org.framework.TestNGDemo"/>
  <testcase name="tc41" time="0.000" classname="org.framework.TestNGDemo"/>
</testsuite> <!-- org.framework.TestNGDemo -->
