<?xml version="1.0" encoding="UTF-8"?>
<!-- Generated by org.testng.reporters.JUnitReportReporter -->
<testsuite skipped="0" hostname="DESKTOP-OBVC6CR" name="org.framework.TestNGDemo" tests="1" failures="0" timestamp="10 Dec 2021 06:36:52 GMT" time="0.020" errors="0">
  <testcase name="tc41" time="0.020" classname="org.framework.TestNGDemo"/>
</testsuite> <!-- org.framework.TestNGDemo -->
