<?xml version="1.0" encoding="UTF-8"?>
<!-- Generated by org.testng.reporters.JUnitReportReporter -->
<testsuite skipped="0" hostname="DESKTOP-OBVC6CR" name="org.framework.DataProvi" tests="2" failures="0" timestamp="11 Dec 2021 12:44:23 GMT" time="0.030" errors="0">
  <testcase name="tc22" time="0.015" classname="org.framework.DataProvi"/>
  <testcase name="tc22" time="0.015" classname="org.framework.DataProvi"/>
</testsuite> <!-- org.framework.DataProvi -->
